22:57:52 program   MZ390 START USING z390 V1.7.07 ON J2SE 17.0.1 12/01/22
22:57:52 program   AZ390 AZ390E error 198        (1/6)23            ST    R13,SAVE+4              SPARA ANROPANDES SAVE ADRESS
22:57:52 program   AZ390 AZ390I symbol not defined SAVE
22:57:52 program   AZ390 AZ390E error 198        (1/8)25            LA    R13,SAVE                R13 ÄR DENNA MODULS SAVE-AREA
22:57:52 program   AZ390 AZ390I symbol not defined SAVE
22:57:52 program   AZ390 AZ390I FID=  1 ERR=   2 X:\Documents\projects\ibmasm\20221201\program.asm
22:57:53 program   MZ390 ENDED   RC=12 SEC= 0 MEM(MB)= 60 IO=1700
22:59:36 program   MZ390 START USING z390 V1.7.07 ON J2SE 17.0.1 12/01/22
22:59:36 program   AZ390 AZ390E error 198        (1/6)23            ST    R13,SAVE+4              SPARA ANROPANDES SAVE ADRESS
22:59:36 program   AZ390 AZ390I symbol not defined SAVE
22:59:36 program   AZ390 AZ390E error 198        (1/8)25            LA    R13,SAVE                R13 ÄR DENNA MODULS SAVE-AREA
22:59:36 program   AZ390 AZ390I symbol not defined SAVE
22:59:36 program   AZ390 AZ390E error 198      (1/17)123            L     R13,SAVE+4              ANROPANDES SAVE AREA
22:59:36 program   AZ390 AZ390I symbol not defined SAVE
22:59:37 program   AZ390 AZ390I FID=  1 ERR=   3 X:\Documents\projects\ibmasm\20221201\program.asm
22:59:37 program   MZ390 ENDED   RC=12 SEC= 0 MEM(MB)= 59 IO=1724
23:00:19 program   MZ390 START USING z390 V1.7.07 ON J2SE 17.0.1 12/01/22
23:00:19 program   MZ390 ENDED   RC= 0 SEC= 0 MEM(MB)= 59 IO=1719
23:00:20 program   LZ390 START USING z390 V1.7.07 ON J2SE 17.0.1 12/01/22
23:00:20 program   LZ390 ENDED   RC= 0 SEC= 0 MEM(MB)= 10 IO=84
23:00:20 program   EZ390 START USING z390 V1.7.07 ON J2SE 17.0.1 12/01/22
23:00:20 program   EZ390 EZ390E error  43 I/O error for DCB=000FFF00 DDNAME=SYSOUT FILE=sysout.txt
23:00:20 program   EZ390 EZ390E error  23 i/o error on open - java.io.FileNotFoundException: sysout.txt (The system cannot find the file specified)
23:00:20 program   EZ390 EZ390E error  11 ABEND PSW=07850600 000FFEDC 0A13         SVC   ABEND S013
23:00:20 program   EZ390 EZ390E error  12 program aborting due to abend S013
23:00:20 program   EZ390 ENDED   RC=16 SEC= 0 MEM(MB)= 86 IO=107 INS=9
23:00:37 program   MZ390 START USING z390 V1.7.07 ON J2SE 17.0.1 12/01/22
23:00:38 program   MZ390 ENDED   RC= 0 SEC= 0 MEM(MB)= 59 IO=1719
23:00:38 program   LZ390 START USING z390 V1.7.07 ON J2SE 17.0.1 12/01/22
23:00:38 program   LZ390 ENDED   RC= 0 SEC= 0 MEM(MB)= 10 IO=84
23:00:38 program   EZ390 START USING z390 V1.7.07 ON J2SE 17.0.1 12/01/22
23:00:38 program   EZ390 EZ390E error  43 I/O error for DCB=000FFF00 DDNAME=SYSOUT FILE=sysout.txt
23:00:38 program   EZ390 EZ390E error  33 file not open for output
23:00:38 program   EZ390 EZ390E error  11 ABEND PSW=07850600 000FFEE6 0A98         SVC   ABEND S013
23:00:39 program   EZ390 EZ390E error  12 program aborting due to abend S013
23:00:39 program   EZ390 ENDED   RC=16 SEC= 0 MEM(MB)= 88 IO=108 INS=12
23:00:55 program   MZ390 START USING z390 V1.7.07 ON J2SE 17.0.1 12/01/22
23:00:56 program   MZ390 ENDED   RC= 0 SEC= 0 MEM(MB)= 59 IO=1719
23:00:56 program   LZ390 START USING z390 V1.7.07 ON J2SE 17.0.1 12/01/22
23:00:56 program   LZ390 ENDED   RC= 0 SEC= 0 MEM(MB)= 10 IO=84
23:00:56 program   EZ390 START USING z390 V1.7.07 ON J2SE 17.0.1 12/01/22
23:00:56 program   EZ390 ENDED   RC= 0 SEC= 0 MEM(MB)= 15 IO=21 INS=19
23:03:54 program   MZ390 START USING z390 V1.7.07 ON J2SE 17.0.1 12/01/22
23:03:54 program   MZ390 ENDED   RC= 0 SEC= 0 MEM(MB)= 59 IO=1718
23:03:54 program   LZ390 START USING z390 V1.7.07 ON J2SE 17.0.1 12/01/22
23:03:54 program   LZ390 ENDED   RC= 0 SEC= 0 MEM(MB)= 10 IO=84
23:03:55 program   EZ390 START USING z390 V1.7.07 ON J2SE 17.0.1 12/01/22
23:03:55 program   EZ390 ENDED   RC= 0 SEC= 0 MEM(MB)= 15 IO=21 INS=19
23:30:34 program   MZ390 START USING z390 V1.7.07 ON J2SE 17.0.1 12/01/22
23:30:34 program   MZ390 ENDED   RC= 0 SEC= 0 MEM(MB)= 59 IO=1719
23:30:34 program   LZ390 START USING z390 V1.7.07 ON J2SE 17.0.1 12/01/22
23:30:34 program   LZ390 ENDED   RC= 0 SEC= 0 MEM(MB)= 10 IO=84
23:30:35 program   EZ390 START USING z390 V1.7.07 ON J2SE 17.0.1 12/01/22
23:30:35 program   EZ390 ENDED   RC= 0 SEC= 0 MEM(MB)= 15 IO=21 INS=19
23:39:19 program   MZ390 START USING z390 V1.7.07 ON J2SE 17.0.1 12/01/22
23:39:20 program   AZ390 AZ390E error 198      (5/108)37                          LA     1,SYSIN
23:39:20 program   AZ390 AZ390I symbol not defined SYSIN
23:39:20 program   AZ390 AZ390I FID=  5 ERR=   1 X:\Downloads\z390_v1707\z390_v1707\mac\ZOPEN.MAC
23:39:20 program   MZ390 ENDED   RC=12 SEC= 0 MEM(MB)= 59 IO=1734
23:40:32 program   MZ390 START USING z390 V1.7.07 ON J2SE 17.0.1 12/01/22
23:40:33 program   MZ390 ENDED   RC= 0 SEC= 0 MEM(MB)= 59 IO=1787
23:40:33 program   LZ390 START USING z390 V1.7.07 ON J2SE 17.0.1 12/01/22
23:40:33 program   LZ390 ENDED   RC= 0 SEC= 0 MEM(MB)= 10 IO=123
23:40:33 program   EZ390 START USING z390 V1.7.07 ON J2SE 17.0.1 12/01/22
23:40:33 program   EZ390 ENDED   RC= 0 SEC= 0 MEM(MB)= 15 IO=23 INS=26
23:41:36 program   MZ390 START USING z390 V1.7.07 ON J2SE 17.0.1 12/01/22
23:41:37 program   MZ390 ENDED   RC= 0 SEC= 0 MEM(MB)= 59 IO=1793
23:41:37 program   LZ390 START USING z390 V1.7.07 ON J2SE 17.0.1 12/01/22
23:41:37 program   LZ390 ENDED   RC= 0 SEC= 0 MEM(MB)= 10 IO=123
23:41:37 program   EZ390 START USING z390 V1.7.07 ON J2SE 17.0.1 12/01/22
23:41:37 program   EZ390 ENDED   RC= 0 SEC= 0 MEM(MB)= 15 IO=23 INS=30
23:41:43 program   MZ390 START USING z390 V1.7.07 ON J2SE 17.0.1 12/01/22
23:41:43 program   MZ390 MZ390E error 261    (10/104)104 MNOTE/PUNCH text must be in single quotes12,'CLOSE OPTION NOT SUPPORTED - &OPTION          MEXIT
23:41:43 program   AZ390 MNOTE 12,'CLOSE OPTION NOT SUPPORTED - &OPTION          MEXIT see MZ390 error
23:41:43 program   AZ390 MNOTE 12,'CLOSE OPTION NOT SUPPORTED - &OPTION          MEXIT
23:41:44 program   AZ390 AZ390I FID= 10 ERR=   2 X:\Downloads\z390_v1707\z390_v1707\mac\ZCLOSE.MAC
23:41:44 program   MZ390 ENDED   RC=12 SEC= 0 MEM(MB)= 59 IO=1794
23:41:57 program   MZ390 START USING z390 V1.7.07 ON J2SE 17.0.1 12/01/22
23:41:58 program   MZ390 ENDED   RC= 0 SEC= 0 MEM(MB)= 59 IO=1793
23:41:58 program   LZ390 START USING z390 V1.7.07 ON J2SE 17.0.1 12/01/22
23:41:58 program   LZ390 ENDED   RC= 0 SEC= 0 MEM(MB)= 10 IO=123
23:41:59 program   EZ390 START USING z390 V1.7.07 ON J2SE 17.0.1 12/01/22
23:41:59 program   EZ390 ENDED   RC= 0 SEC= 0 MEM(MB)= 15 IO=23 INS=30
23:42:52 program   MZ390 START USING z390 V1.7.07 ON J2SE 17.0.1 12/01/22
23:42:52 program   AZ390 MNOTE 12,'PUT RECORD REG INVALID - R1'
23:42:52 program   AZ390 AZ390I FID=  8 ERR=   1 X:\Downloads\z390_v1707\z390_v1707\mac\PUT.MAC
23:42:52 program   MZ390 ENDED   RC=12 SEC= 0 MEM(MB)= 59 IO=1954
23:43:23 program   MZ390 START USING z390 V1.7.07 ON J2SE 17.0.1 12/01/22
23:43:23 program   MZ390 ENDED   RC= 0 SEC= 0 MEM(MB)= 60 IO=1953
23:43:24 program   LZ390 START USING z390 V1.7.07 ON J2SE 17.0.1 12/01/22
23:43:24 program   LZ390 ENDED   RC= 0 SEC= 0 MEM(MB)= 10 IO=123
23:43:24 program   EZ390 START USING z390 V1.7.07 ON J2SE 17.0.1 12/01/22
23:43:24 program   EZ390 ENDED   RC= 0 SEC= 0 MEM(MB)= 15 IO=24 INS=33
23:45:33 program   MZ390 START USING z390 V1.7.07 ON J2SE 17.0.1 12/01/22
23:45:34 program   MZ390 ENDED   RC= 0 SEC= 0 MEM(MB)= 59 IO=1961
23:45:34 program   LZ390 START USING z390 V1.7.07 ON J2SE 17.0.1 12/01/22
23:45:34 program   LZ390 ENDED   RC= 0 SEC= 0 MEM(MB)= 10 IO=125
23:45:34 program   EZ390 START USING z390 V1.7.07 ON J2SE 17.0.1 12/01/22
23:45:34 program   EZ390 ENDED   RC= 0 SEC= 0 MEM(MB)= 15 IO=24 INS=34
23:46:07 program   MZ390 START USING z390 V1.7.07 ON J2SE 17.0.1 12/01/22
23:46:07 program   MZ390 ENDED   RC= 0 SEC= 0 MEM(MB)= 59 IO=1967
23:46:08 program   LZ390 START USING z390 V1.7.07 ON J2SE 17.0.1 12/01/22
23:46:08 program   LZ390 ENDED   RC= 0 SEC= 0 MEM(MB)= 10 IO=127
23:46:08 program   EZ390 START USING z390 V1.7.07 ON J2SE 17.0.1 12/01/22
23:46:08 program   EZ390 ENDED   RC= 0 SEC= 0 MEM(MB)= 35 IO=4540 INS=18102
23:47:35 program   MZ390 TZ390E abort error 21 - invalid options -  TRACECALL
23:47:36 program   MZ390 ENDED   RC=16 SEC=1669934856 MEM(MB)= 12 IO=2
23:47:41 program   MZ390 START USING z390 V1.7.07 ON J2SE 17.0.1 12/01/22
23:47:41 program   MZ390 PASS 2  TOTAL ERRORS 0
23:47:42 program   MZ390 ENDED   RC= 0 SEC= 0 MEM(MB)= 60 IO=1968
23:47:42 program   LZ390 START USING z390 V1.7.07 ON J2SE 17.0.1 12/01/22
23:47:42 program   LZ390 ENDED   RC= 0 SEC= 0 MEM(MB)= 10 IO=127
23:47:42 program   EZ390 START USING z390 V1.7.07 ON J2SE 17.0.1 12/01/22
23:47:43 program   EZ390 ENDED   RC= 0 SEC= 0 MEM(MB)= 84 IO=4540 INS=18102
23:52:25 program   EZ390 START USING z390 V1.7.07 ON J2SE 17.0.1 12/01/22
23:52:25 program   EZ390 ENDED   RC= 0 SEC= 0 MEM(MB)= 35 IO=4540 INS=18102
23:52:36 program   EZ390 START USING z390 V1.7.07 ON J2SE 17.0.1 12/01/22
23:52:36 program   EZ390 ENDED   RC= 0 SEC= 0 MEM(MB)= 35 IO=4540 INS=18102
23:52:42 program   EZ390 START USING z390 V1.7.07 ON J2SE 17.0.1 12/01/22
23:52:53 program   EZ390 START USING z390 V1.7.07 ON J2SE 17.0.1 12/01/22
00:06:05 program   MZ390 START USING z390 V1.7.07 ON J2SE 17.0.1 12/02/22
00:06:05 program   MZ390 PASS 2  TOTAL ERRORS 2
00:06:05 program   MZ390 PASS 3  TOTAL ERRORS 1
00:06:05 program   AZ390 AZ390E error 198      (8/61)127            LA    1,WTOBLOCK
00:06:05 program   AZ390 AZ390I symbol not defined WTOBLOCK
00:06:05 program   AZ390 AZ390I FID=  8 ERR=   1 X:\Downloads\z390_v1707\z390_v1707\mac\WTO.MAC
00:06:05 program   MZ390 ENDED   RC=12 SEC= 0 MEM(MB)= 61 IO=1992
00:06:16 program   MZ390 START USING z390 V1.7.07 ON J2SE 17.0.1 12/02/22
00:06:16 program   AZ390 AZ390E error 198      (8/61)127            LA    1,WTOBLOCK
00:06:16 program   AZ390 AZ390I symbol not defined WTOBLOCK
00:06:17 program   AZ390 AZ390I FID=  8 ERR=   1 X:\Downloads\z390_v1707\z390_v1707\mac\WTO.MAC
00:06:17 program   MZ390 ENDED   RC=12 SEC= 0 MEM(MB)= 59 IO=1990
00:06:30 program   MZ390 START USING z390 V1.7.07 ON J2SE 17.0.1 12/02/22
00:06:30 program   MZ390 ENDED   RC= 0 SEC= 0 MEM(MB)= 59 IO=1984
00:06:30 program   LZ390 START USING z390 V1.7.07 ON J2SE 17.0.1 12/02/22
00:06:30 program   LZ390 ENDED   RC= 0 SEC= 0 MEM(MB)= 10 IO=127
00:06:31 program   EZ390 START USING z390 V1.7.07 ON J2SE 17.0.1 12/02/22
00:06:31 program   EZ390 ENDED   RC= 0 SEC= 0 MEM(MB)= 19 IO=4540 INS=15843
00:07:36 program   MZ390 START USING z390 V1.7.07 ON J2SE 17.0.1 12/02/22
00:07:37 program   MZ390 ENDED   RC= 0 SEC= 0 MEM(MB)= 60 IO=1994
00:07:37 program   LZ390 START USING z390 V1.7.07 ON J2SE 17.0.1 12/02/22
00:07:37 program   LZ390 ENDED   RC= 0 SEC= 0 MEM(MB)= 10 IO=135
00:07:37 program   EZ390 START USING z390 V1.7.07 ON J2SE 17.0.1 12/02/22
00:07:38 program   EZ390 ENDED   RC= 0 SEC= 0 MEM(MB)= 36 IO=4540 INS=15843
00:10:06 program   MZ390 START USING z390 V1.7.07 ON J2SE 17.0.1 12/02/22
00:10:07 program   MZ390 ENDED   RC= 0 SEC= 0 MEM(MB)= 59 IO=2161
00:10:07 program   LZ390 START USING z390 V1.7.07 ON J2SE 17.0.1 12/02/22
00:10:07 program   LZ390 ENDED   RC= 0 SEC= 0 MEM(MB)= 10 IO=137
00:10:07 program   EZ390 START USING z390 V1.7.07 ON J2SE 17.0.1 12/02/22
00:10:08 program   EZ390 ENDED   RC= 0 SEC= 0 MEM(MB)= 36 IO=6799 INS=31656
00:10:14 program   MZ390 START USING z390 V1.7.07 ON J2SE 17.0.1 12/02/22
00:10:14 program   MZ390 ENDED   RC= 0 SEC= 0 MEM(MB)= 59 IO=2161
00:10:14 program   LZ390 START USING z390 V1.7.07 ON J2SE 17.0.1 12/02/22
00:10:14 program   LZ390 ENDED   RC= 0 SEC= 0 MEM(MB)= 10 IO=137
00:10:15 program   EZ390 START USING z390 V1.7.07 ON J2SE 17.0.1 12/02/22
00:10:15 program   EZ390 ENDED   RC= 0 SEC= 0 MEM(MB)= 36 IO=6799 INS=31656
00:11:25 program   MZ390 START USING z390 V1.7.07 ON J2SE 17.0.1 12/02/22
00:11:25 program   MZ390 ENDED   RC= 0 SEC= 0 MEM(MB)= 60 IO=2173
00:11:26 program   LZ390 START USING z390 V1.7.07 ON J2SE 17.0.1 12/02/22
00:11:26 program   LZ390 ENDED   RC= 0 SEC= 0 MEM(MB)= 10 IO=137
00:11:26 program   EZ390 START USING z390 V1.7.07 ON J2SE 17.0.1 12/02/22
00:11:54 program   MZ390 START USING z390 V1.7.07 ON J2SE 17.0.1 12/02/22
00:11:55 program   MZ390 ENDED   RC= 0 SEC= 0 MEM(MB)= 59 IO=2175
00:11:55 program   LZ390 START USING z390 V1.7.07 ON J2SE 17.0.1 12/02/22
00:11:55 program   LZ390 ENDED   RC= 0 SEC= 0 MEM(MB)= 10 IO=137
00:11:55 program   EZ390 START USING z390 V1.7.07 ON J2SE 17.0.1 12/02/22
00:11:56 program   EZ390 ENDED   RC= 0 SEC= 0 MEM(MB)= 36 IO=6799 INS=31656
00:12:07 program   MZ390 START USING z390 V1.7.07 ON J2SE 17.0.1 12/02/22
00:12:08 program   MZ390 ENDED   RC= 0 SEC= 0 MEM(MB)= 60 IO=2180
00:12:08 program   LZ390 START USING z390 V1.7.07 ON J2SE 17.0.1 12/02/22
00:12:08 program   LZ390 ENDED   RC= 0 SEC= 0 MEM(MB)= 10 IO=137
00:12:09 program   EZ390 START USING z390 V1.7.07 ON J2SE 17.0.1 12/02/22
00:12:09 program   EZ390 ENDED   RC= 0 SEC= 0 MEM(MB)= 37 IO=6799 INS=31656
00:13:59 program   MZ390 START USING z390 V1.7.07 ON J2SE 17.0.1 12/02/22
00:14:00 program   MZ390 ENDED   RC= 0 SEC= 0 MEM(MB)= 59 IO=2201
00:14:00 program   LZ390 START USING z390 V1.7.07 ON J2SE 17.0.1 12/02/22
00:14:00 program   LZ390 ENDED   RC= 0 SEC= 0 MEM(MB)= 10 IO=139
00:14:00 program   EZ390 START USING z390 V1.7.07 ON J2SE 17.0.1 12/02/22
00:14:01 program   EZ390 ENDED   RC= 0 SEC= 0 MEM(MB)= 36 IO=6799 INS=31658
00:14:53 program   MZ390 START USING z390 V1.7.07 ON J2SE 17.0.1 12/02/22
00:14:53 program   MZ390 ENDED   RC= 0 SEC= 0 MEM(MB)= 59 IO=2201
00:14:53 program   LZ390 START USING z390 V1.7.07 ON J2SE 17.0.1 12/02/22
00:14:53 program   LZ390 ENDED   RC= 0 SEC= 0 MEM(MB)= 10 IO=139
00:15:12 program   EZ390 START USING z390 V1.7.07 ON J2SE 17.0.1 12/02/22
00:15:55 program   EZ390 EZ390E error  11 ABEND PSW=07850600 80000000 0000         ????? ABEND S0C1
00:16:28 program   EZ390 EZ390E error  11 ABEND PSW=07850600 80000000 0000         ????? ABEND S0C1
00:16:28 program   EZ390 EZ390E error  12 program aborting due to abend S0C1
00:16:28 program   EZ390 ENDED   RC=16 SEC=76 MEM(MB)= 19 IO=35 INS=2
00:16:34 program   EZ390 START USING z390 V1.7.07 ON J2SE 17.0.1 12/02/22
00:17:04 program   EZ390 ENDED   RC= 0 SEC=29 MEM(MB)= 43 IO=6804 INS=31658
00:17:45 program   EZ390 START USING z390 V1.7.07 ON J2SE 17.0.1 12/02/22
00:19:51 program   EZ390 ENDED   RC= 0 SEC=125 MEM(MB)= 43 IO=6807 INS=31658
00:19:53 program   EZ390 START USING z390 V1.7.07 ON J2SE 17.0.1 12/02/22
00:20:42 program   MZ390 START USING z390 V1.7.07 ON J2SE 17.0.1 12/02/22
00:20:42 program   MZ390 ENDED   RC= 0 SEC= 0 MEM(MB)= 59 IO=2201
00:20:42 program   LZ390 START USING z390 V1.7.07 ON J2SE 17.0.1 12/02/22
00:20:43 program   LZ390 ENDED   RC= 0 SEC= 0 MEM(MB)= 10 IO=139
00:20:47 program   EZ390 START USING z390 V1.7.07 ON J2SE 17.0.1 12/02/22
00:22:12 program   EZ390 START USING z390 V1.7.07 ON J2SE 17.0.1 12/02/22
00:34:11 program   EZ390 EZ390E error 109 quitting test mode
00:34:11 program   EZ390 ENDED   RC=16 SEC=719 MEM(MB)= 21 IO=54 INS=62
19:05:46 program   MZ390 START USING z390 V1.7.07 ON J2SE 17.0.1 12/10/22
19:05:47 program   AZ390 AZ390E error 205     (1/142)337   R1SAVE   DS 
19:05:47 program   AZ390 AZ390I DS/DC missing operand
19:05:47 program   AZ390 AZ390I FID=  1 ERR=   1 X:\Documents\projects\ibmasm-adventofcode\20221204\program.asm
19:05:47 program   MZ390 ENDED   RC=12 SEC= 0 MEM(MB)= 59 IO=2632
19:05:59 program   MZ390 START USING z390 V1.7.07 ON J2SE 17.0.1 12/10/22
19:05:59 program   MZ390 ENDED   RC= 0 SEC= 0 MEM(MB)= 59 IO=2626
19:06:00 program   LZ390 START USING z390 V1.7.07 ON J2SE 17.0.1 12/10/22
19:06:00 program   LZ390 ENDED   RC= 0 SEC= 0 MEM(MB)= 10 IO=163
19:06:00 program   EZ390 START USING z390 V1.7.07 ON J2SE 17.0.1 12/10/22
19:06:00 program   EZ390 ENDED   RC= 0 SEC= 0 MEM(MB)= 15 IO=25 INS=114
21:43:07 program   MZ390 START USING z390 V1.7.07 ON J2SE 17.0.1 12/10/22
21:43:08 program   MZ390 ENDED   RC= 0 SEC= 0 MEM(MB)= 59 IO=2627
21:43:08 program   LZ390 START USING z390 V1.7.07 ON J2SE 17.0.1 12/10/22
21:43:08 program   LZ390 ENDED   RC= 0 SEC= 0 MEM(MB)= 10 IO=165
21:43:08 program   EZ390 START USING z390 V1.7.07 ON J2SE 17.0.1 12/10/22
21:43:08 program   EZ390 ENDED   RC= 0 SEC= 0 MEM(MB)= 15 IO=27 INS=126
21:44:40 program   MZ390 START USING z390 V1.7.07 ON J2SE 17.0.1 12/10/22
21:44:41 program   MZ390 ENDED   RC= 0 SEC= 0 MEM(MB)= 60 IO=2627
21:44:41 program   LZ390 START USING z390 V1.7.07 ON J2SE 17.0.1 12/10/22
21:44:41 program   LZ390 ENDED   RC= 0 SEC= 0 MEM(MB)= 10 IO=165
21:44:41 program   EZ390 START USING z390 V1.7.07 ON J2SE 17.0.1 12/10/22
21:44:42 program   EZ390 ENDED   RC= 0 SEC= 0 MEM(MB)= 36 IO=5022 INS=94036
21:46:08 program   MZ390 START USING z390 V1.7.07 ON J2SE 17.0.1 12/10/22
21:46:09 program   MZ390 ENDED   RC= 0 SEC= 0 MEM(MB)= 59 IO=2627
21:46:09 program   LZ390 START USING z390 V1.7.07 ON J2SE 17.0.1 12/10/22
21:46:09 program   LZ390 ENDED   RC= 0 SEC= 0 MEM(MB)= 10 IO=165
21:46:09 program   EZ390 START USING z390 V1.7.07 ON J2SE 17.0.1 12/10/22
21:46:10 program   EZ390 ENDED   RC= 0 SEC= 0 MEM(MB)= 37 IO=5022 INS=94036
21:47:46 program   MZ390 START USING z390 V1.7.07 ON J2SE 17.0.1 12/10/22
21:47:46 program   MZ390 ENDED   RC= 0 SEC= 0 MEM(MB)= 59 IO=2626
21:47:47 program   LZ390 START USING z390 V1.7.07 ON J2SE 17.0.1 12/10/22
21:47:47 program   LZ390 ENDED   RC= 0 SEC= 0 MEM(MB)= 10 IO=163
21:47:47 program   EZ390 START USING z390 V1.7.07 ON J2SE 17.0.1 12/10/22
21:47:48 program   EZ390 ENDED   RC= 0 SEC= 0 MEM(MB)= 28 IO=3022 INS=82036
21:47:58 program   MZ390 START USING z390 V1.7.07 ON J2SE 17.0.1 12/10/22
21:47:58 program   MZ390 ENDED   RC= 0 SEC= 0 MEM(MB)= 60 IO=2626
21:47:59 program   LZ390 START USING z390 V1.7.07 ON J2SE 17.0.1 12/10/22
21:47:59 program   LZ390 ENDED   RC= 0 SEC= 0 MEM(MB)= 10 IO=163
21:47:59 program   EZ390 START USING z390 V1.7.07 ON J2SE 17.0.1 12/10/22
21:48:00 program   EZ390 ENDED   RC= 0 SEC= 0 MEM(MB)= 28 IO=3022 INS=82036
21:50:21 program   MZ390 START USING z390 V1.7.07 ON J2SE 17.0.1 12/10/22
21:50:22 program   MZ390 ENDED   RC= 0 SEC= 0 MEM(MB)= 59 IO=2629
21:50:22 program   LZ390 START USING z390 V1.7.07 ON J2SE 17.0.1 12/10/22
21:50:22 program   LZ390 ENDED   RC= 0 SEC= 0 MEM(MB)= 10 IO=163
21:50:22 program   EZ390 START USING z390 V1.7.07 ON J2SE 17.0.1 12/10/22
21:50:23 program   EZ390 ENDED   RC= 0 SEC= 0 MEM(MB)= 36 IO=3022 INS=82036
21:52:12 program   MZ390 START USING z390 V1.7.07 ON J2SE 17.0.1 12/10/22
21:52:12 program   MZ390 ENDED   RC= 0 SEC= 0 MEM(MB)= 59 IO=2629
21:52:12 program   LZ390 START USING z390 V1.7.07 ON J2SE 17.0.1 12/10/22
21:52:12 program   LZ390 ENDED   RC= 0 SEC= 0 MEM(MB)= 10 IO=163
21:52:13 program   EZ390 START USING z390 V1.7.07 ON J2SE 17.0.1 12/10/22
21:52:13 program   EZ390 ENDED   RC= 0 SEC= 0 MEM(MB)= 28 IO=3022 INS=82036
21:52:17 program   MZ390 START USING z390 V1.7.07 ON J2SE 17.0.1 12/10/22
21:52:17 program   MZ390 ENDED   RC= 0 SEC= 0 MEM(MB)= 60 IO=2629
21:52:17 program   LZ390 START USING z390 V1.7.07 ON J2SE 17.0.1 12/10/22
21:52:17 program   LZ390 ENDED   RC= 0 SEC= 0 MEM(MB)= 10 IO=163
21:52:18 program   EZ390 START USING z390 V1.7.07 ON J2SE 17.0.1 12/10/22
21:53:51 program   MZ390 START USING z390 V1.7.07 ON J2SE 17.0.1 12/10/22
21:53:51 program   MZ390 ENDED   RC= 0 SEC= 0 MEM(MB)= 59 IO=2629
21:53:52 program   LZ390 START USING z390 V1.7.07 ON J2SE 17.0.1 12/10/22
21:53:52 program   LZ390 ENDED   RC= 0 SEC= 0 MEM(MB)= 10 IO=163
21:53:52 program   EZ390 START USING z390 V1.7.07 ON J2SE 17.0.1 12/10/22
21:53:53 program   EZ390 ENDED   RC= 0 SEC= 0 MEM(MB)= 37 IO=3022 INS=82036
21:59:36 program   MZ390 START USING z390 V1.7.07 ON J2SE 17.0.1 12/10/22
21:59:37 program   MZ390 ENDED   RC= 0 SEC= 0 MEM(MB)= 59 IO=2716
21:59:37 program   LZ390 START USING z390 V1.7.07 ON J2SE 17.0.1 12/10/22
21:59:37 program   LZ390 ENDED   RC= 0 SEC= 0 MEM(MB)= 10 IO=169
21:59:37 program   EZ390 START USING z390 V1.7.07 ON J2SE 17.0.1 12/10/22
21:59:38 program   EZ390 ENDED   RC= 0 SEC= 0 MEM(MB)= 37 IO=3022 INS=90444
22:08:58 program   MZ390 START USING z390 V1.7.07 ON J2SE 17.0.1 12/10/22
22:08:59 program   MZ390 ENDED   RC= 0 SEC= 0 MEM(MB)= 59 IO=2688
22:08:59 program   LZ390 START USING z390 V1.7.07 ON J2SE 17.0.1 12/10/22
22:08:59 program   LZ390 ENDED   RC= 0 SEC= 0 MEM(MB)= 10 IO=167
22:08:59 program   EZ390 START USING z390 V1.7.07 ON J2SE 17.0.1 12/10/22
22:09:00 program   EZ390 ENDED   RC= 0 SEC= 0 MEM(MB)= 37 IO=3022 INS=89777
01:58:15 program   MZ390 START USING z390 V1.7.07 ON J2SE 17.0.1 12/11/22
01:58:15 program   AZ390 AZ390E error 198      (1/37)162            BNE   ERROR102
01:58:15 program   AZ390 AZ390I symbol not defined ERROR102
01:58:15 program   AZ390 AZ390I FID=  1 ERR=   1 X:\Documents\projects\ibmasm-adventofcode\20221205\program.asm
01:58:15 program   MZ390 ENDED   RC=12 SEC= 0 MEM(MB)= 60 IO=3092
01:58:29 program   MZ390 START USING z390 V1.7.07 ON J2SE 17.0.1 12/11/22
01:58:29 program   MZ390 ENDED   RC= 0 SEC= 0 MEM(MB)= 60 IO=3087
01:58:30 program   LZ390 START USING z390 V1.7.07 ON J2SE 17.0.1 12/11/22
01:58:30 program   LZ390 ENDED   RC= 0 SEC= 0 MEM(MB)= 10 IO=163
01:58:30 program   EZ390 START USING z390 V1.7.07 ON J2SE 17.0.1 12/11/22
01:58:30 program   EZ390 ENDED   RC= 0 SEC= 0 MEM(MB)= 15 IO=31 INS=101
01:59:59 program   MZ390 START USING z390 V1.7.07 ON J2SE 17.0.1 12/11/22
01:59:59 program   MZ390 ENDED   RC= 0 SEC= 0 MEM(MB)= 59 IO=3087
01:59:59 program   LZ390 START USING z390 V1.7.07 ON J2SE 17.0.1 12/11/22
01:59:59 program   LZ390 ENDED   RC= 0 SEC= 0 MEM(MB)= 10 IO=163
02:00:00 program   EZ390 START USING z390 V1.7.07 ON J2SE 17.0.1 12/11/22
02:00:00 program   EZ390 EZ390E error  11 ABEND PSW=07851600 000FFDDC 0A04         SVC   ABEND S804
02:00:00 program   EZ390 EZ390E error  12 program aborting due to abend S804
02:00:00 program   EZ390 ENDED   RC=16 SEC= 0 MEM(MB)= 90 IO=145 INS=86
02:00:53 program   MZ390 START USING z390 V1.7.07 ON J2SE 17.0.1 12/11/22
02:00:53 program   MZ390 ENDED   RC= 0 SEC= 0 MEM(MB)= 59 IO=3087
02:00:54 program   LZ390 START USING z390 V1.7.07 ON J2SE 17.0.1 12/11/22
02:00:54 program   LZ390 ENDED   RC= 0 SEC= 0 MEM(MB)= 10 IO=163
02:00:54 program   EZ390 START USING z390 V1.7.07 ON J2SE 17.0.1 12/11/22
02:00:54 program   EZ390 ENDED   RC= 0 SEC= 0 MEM(MB)= 15 IO=30 INS=99
02:02:54 program   MZ390 START USING z390 V1.7.07 ON J2SE 17.0.1 12/11/22
02:02:55 program   MZ390 ENDED   RC= 0 SEC= 0 MEM(MB)= 59 IO=3105
02:02:55 program   LZ390 START USING z390 V1.7.07 ON J2SE 17.0.1 12/11/22
02:02:55 program   LZ390 ENDED   RC= 0 SEC= 0 MEM(MB)= 10 IO=169
02:02:55 program   EZ390 START USING z390 V1.7.07 ON J2SE 17.0.1 12/11/22
02:02:56 program   EZ390 ENDED   RC= 0 SEC= 0 MEM(MB)= 15 IO=30 INS=102
02:03:23 program   MZ390 START USING z390 V1.7.07 ON J2SE 17.0.1 12/11/22
02:03:23 program   MZ390 ENDED   RC= 0 SEC= 0 MEM(MB)= 59 IO=3103
02:03:23 program   LZ390 START USING z390 V1.7.07 ON J2SE 17.0.1 12/11/22
02:03:23 program   LZ390 ENDED   RC= 0 SEC= 0 MEM(MB)= 10 IO=165
02:03:24 program   EZ390 START USING z390 V1.7.07 ON J2SE 17.0.1 12/11/22
02:03:24 program   EZ390 ENDED   RC= 0 SEC= 0 MEM(MB)= 15 IO=30 INS=102
02:03:33 program   MZ390 START USING z390 V1.7.07 ON J2SE 17.0.1 12/11/22
02:03:34 program   MZ390 ENDED   RC= 0 SEC= 0 MEM(MB)= 60 IO=3103
02:03:34 program   LZ390 START USING z390 V1.7.07 ON J2SE 17.0.1 12/11/22
02:03:34 program   LZ390 ENDED   RC= 0 SEC= 0 MEM(MB)= 10 IO=165
02:03:34 program   EZ390 START USING z390 V1.7.07 ON J2SE 17.0.1 12/11/22
02:03:35 program   EZ390 ENDED   RC= 0 SEC= 0 MEM(MB)= 15 IO=30 INS=102
02:03:42 program   MZ390 START USING z390 V1.7.07 ON J2SE 17.0.1 12/11/22
02:03:43 program   MZ390 ENDED   RC= 0 SEC= 0 MEM(MB)= 60 IO=3103
02:03:43 program   LZ390 START USING z390 V1.7.07 ON J2SE 17.0.1 12/11/22
02:03:43 program   LZ390 ENDED   RC= 0 SEC= 0 MEM(MB)= 10 IO=165
02:03:43 program   EZ390 START USING z390 V1.7.07 ON J2SE 17.0.1 12/11/22
02:03:43 program   EZ390 ENDED   RC= 0 SEC= 0 MEM(MB)= 15 IO=30 INS=102
23:25:42 program   MZ390 START USING z390 V1.7.07 ON J2SE 17.0.1 12/09/23
23:25:42 program   AZ390 AZ390E error 198      (1/27)148            LA    R3,ROWUM
23:25:42 program   AZ390 AZ390I symbol not defined ROWUM
23:25:42 program   AZ390 AZ390I FID=  1 ERR=   1 X:\Documents\projects\ibmasm-adventofcode\20231201\program.asm
23:25:43 program   MZ390 ENDED   RC=12 SEC= 0 MEM(MB)= 60 IO=2370
23:25:53 program   MZ390 START USING z390 V1.7.07 ON J2SE 17.0.1 12/09/23
23:25:53 program   MZ390 ENDED   RC= 0 SEC= 0 MEM(MB)= 61 IO=2364
23:25:53 program   LZ390 START USING z390 V1.7.07 ON J2SE 17.0.1 12/09/23
23:25:53 program   LZ390 ENDED   RC= 0 SEC= 0 MEM(MB)=  6 IO=147
23:25:54 program   EZ390 START USING z390 V1.7.07 ON J2SE 17.0.1 12/09/23
23:27:12 program   MZ390 START USING z390 V1.7.07 ON J2SE 17.0.1 12/09/23
23:27:12 program   MZ390 ENDED   RC= 0 SEC= 0 MEM(MB)= 62 IO=2370
23:27:12 program   LZ390 START USING z390 V1.7.07 ON J2SE 17.0.1 12/09/23
23:27:12 program   LZ390 ENDED   RC= 0 SEC= 0 MEM(MB)=  6 IO=147
23:27:12 program   EZ390 START USING z390 V1.7.07 ON J2SE 17.0.1 12/09/23
23:28:43 program   MZ390 START USING z390 V1.7.07 ON J2SE 17.0.1 12/09/23
23:28:43 program   MZ390 ENDED   RC= 0 SEC= 0 MEM(MB)= 61 IO=2377
23:28:44 program   LZ390 START USING z390 V1.7.07 ON J2SE 17.0.1 12/09/23
23:28:44 program   LZ390 ENDED   RC= 0 SEC= 0 MEM(MB)=  6 IO=149
23:28:44 program   EZ390 START USING z390 V1.7.07 ON J2SE 17.0.1 12/09/23
23:28:59 program   MZ390 START USING z390 V1.7.07 ON J2SE 17.0.1 12/09/23
23:28:59 program   MZ390 ENDED   RC= 0 SEC= 0 MEM(MB)= 61 IO=2379
23:28:59 program   LZ390 START USING z390 V1.7.07 ON J2SE 17.0.1 12/09/23
23:28:59 program   LZ390 ENDED   RC= 0 SEC= 0 MEM(MB)=  6 IO=151
23:28:59 program   EZ390 START USING z390 V1.7.07 ON J2SE 17.0.1 12/09/23
23:33:57 program   MZ390 START USING z390 V1.7.07 ON J2SE 17.0.1 12/09/23
23:33:58 program   MZ390 ENDED   RC= 0 SEC= 0 MEM(MB)= 61 IO=2377
23:33:58 program   LZ390 START USING z390 V1.7.07 ON J2SE 17.0.1 12/09/23
23:33:58 program   LZ390 ENDED   RC= 0 SEC= 0 MEM(MB)=  6 IO=149
23:33:58 program   EZ390 START USING z390 V1.7.07 ON J2SE 17.0.1 12/09/23
23:37:02 program   MZ390 START USING z390 V1.7.07 ON J2SE 17.0.1 12/09/23
23:37:03 program   MZ390 ENDED   RC= 0 SEC= 0 MEM(MB)= 61 IO=2391
23:37:03 program   LZ390 START USING z390 V1.7.07 ON J2SE 17.0.1 12/09/23
23:37:03 program   LZ390 ENDED   RC= 0 SEC= 0 MEM(MB)= 14 IO=149
23:37:03 program   EZ390 START USING z390 V1.7.07 ON J2SE 17.0.1 12/09/23
23:42:36 program   MZ390 START USING z390 V1.7.07 ON J2SE 17.0.1 12/09/23
23:42:36 program   AZ390 AZ390E error 198      (1/76)189            MVC   BLASTD+2,ROWDONE-BLASTD
23:42:36 program   AZ390 AZ390I symbol not defined BLASTD
23:42:36 program   AZ390 AZ390I FID=  1 ERR=   1 X:\Documents\projects\ibmasm-adventofcode\20231201\program.asm
23:42:36 program   MZ390 ENDED   RC=12 SEC= 0 MEM(MB)= 61 IO=2432
23:42:57 program   MZ390 START USING z390 V1.7.07 ON J2SE 17.0.1 12/09/23
23:42:57 program   AZ390 AZ390E error 198      (1/44)166            BL    NEXTC
23:42:57 program   AZ390 AZ390I symbol not defined NEXTC
23:42:57 program   AZ390 AZ390E error 198      (1/46)168            BH    NEXTC
23:42:57 program   AZ390 AZ390I symbol not defined NEXTC
23:42:57 program   AZ390 AZ390E error 198      (1/53)174            BL    NEXTC
23:42:57 program   AZ390 AZ390I symbol not defined NEXTC
23:42:57 program   AZ390 AZ390E error 198      (1/55)176            BH    NEXTC
23:42:57 program   AZ390 AZ390I symbol not defined NEXTC
23:42:57 program   AZ390 AZ390I FID=  1 ERR=   4 X:\Documents\projects\ibmasm-adventofcode\20231201\program.asm
23:42:57 program   MZ390 ENDED   RC=12 SEC= 0 MEM(MB)= 61 IO=2403
23:43:39 program   MZ390 START USING z390 V1.7.07 ON J2SE 17.0.1 12/09/23
23:43:39 program   AZ390 AZ390E error  29      (1/51)172            LRR   R1,R6
23:43:39 program   AZ390 AZ390I ERRSUM missing macro = LRR
23:43:39 program   AZ390 AZ390E error  72      (1/70)187   NAHI     AHI   R1,-1
23:43:39 program   AZ390 AZ390I duplicate symbol NAHI on line 187 and 183
23:43:39 program   AZ390 AZ390E ERRSUM Critical Error Summary Option
23:43:39 program   AZ390 AZ390E ERRSUM Fix and repeat until all nested errors resolved
23:43:39 program   AZ390 AZ390E ERRSUM missing macro =LRR
23:43:39 program   AZ390 AZ390E ERRSUM total missing   copy   files =0
23:43:39 program   AZ390 AZ390E ERRSUM total missing   macro  files =1
23:43:39 program   AZ390 AZ390E ERRSUM total undefined symbols      =0
23:43:39 program   AZ390 AZ390E ERRSUM total mz390 errors    = 0
23:43:39 program   AZ390 AZ390E ERRSUM total az390 errors    = 2
23:43:39 program   AZ390 AZ390I FID=  1 ERR=   2 X:\Documents\projects\ibmasm-adventofcode\20231201\program.asm
23:43:39 program   MZ390 ENDED   RC=12 SEC= 0 MEM(MB)= 60 IO=2440
23:43:49 program   MZ390 START USING z390 V1.7.07 ON J2SE 17.0.1 12/09/23
23:43:49 program   AZ390 AZ390E error  72      (1/70)187   NAHI     AHI   R1,-1
23:43:49 program   AZ390 AZ390I duplicate symbol NAHI on line 187 and 183
23:43:49 program   AZ390 AZ390I FID=  1 ERR=   1 X:\Documents\projects\ibmasm-adventofcode\20231201\program.asm
23:43:49 program   MZ390 ENDED   RC=12 SEC= 0 MEM(MB)= 61 IO=2420
23:44:04 program   MZ390 START USING z390 V1.7.07 ON J2SE 17.0.1 12/09/23
23:44:04 program   MZ390 ENDED   RC= 0 SEC= 0 MEM(MB)= 60 IO=2415
23:44:05 program   LZ390 START USING z390 V1.7.07 ON J2SE 17.0.1 12/09/23
23:44:05 program   LZ390 ENDED   RC= 0 SEC= 0 MEM(MB)=  6 IO=149
23:44:05 program   EZ390 START USING z390 V1.7.07 ON J2SE 17.0.1 12/09/23
23:44:05 program   EZ390 EZ390E error  11 ABEND PSW=07851600 000FFE08 D20030001000 MVC   ABEND S0C5
23:44:05 program   EZ390 EZ390E error  12 program aborting due to abend S0C5
23:44:05 program   EZ390 ENDED   RC=16 SEC= 0 MEM(MB)= 67 IO=130 INS=33
23:45:28 program   MZ390 START USING z390 V1.7.07 ON J2SE 17.0.1 12/09/23
23:45:28 program   MZ390 ENDED   RC= 0 SEC= 0 MEM(MB)= 61 IO=2415
23:45:28 program   LZ390 START USING z390 V1.7.07 ON J2SE 17.0.1 12/09/23
23:45:28 program   LZ390 ENDED   RC= 0 SEC= 0 MEM(MB)=  6 IO=149
23:45:28 program   EZ390 START USING z390 V1.7.07 ON J2SE 17.0.1 12/09/23
23:45:28 program   EZ390 EZ390E error  11 ABEND PSW=07851600 000FFE08 D20030001000 MVC   ABEND S0C5
23:45:28 program   EZ390 EZ390E error  12 program aborting due to abend S0C5
23:45:28 program   EZ390 ENDED   RC=16 SEC= 0 MEM(MB)= 68 IO=130 INS=33
23:46:02 program   MZ390 START USING z390 V1.7.07 ON J2SE 17.0.1 12/09/23
23:46:02 program   MZ390 ENDED   RC= 0 SEC= 0 MEM(MB)= 61 IO=2417
23:46:02 program   LZ390 START USING z390 V1.7.07 ON J2SE 17.0.1 12/09/23
23:46:03 program   LZ390 ENDED   RC= 0 SEC= 0 MEM(MB)= 14 IO=147
23:46:03 program   EZ390 START USING z390 V1.7.07 ON J2SE 17.0.1 12/09/23
23:46:03 program   EZ390 EZ390E error  11 ABEND PSW=07851600 000FFE08 D20030001000 MVC   ABEND S0C5
23:46:03 program   EZ390 EZ390E error  12 program aborting due to abend S0C5
23:46:03 program   EZ390 ENDED   RC=16 SEC= 0 MEM(MB)= 67 IO=130 INS=33
23:47:01 program   MZ390 START USING z390 V1.7.07 ON J2SE 17.0.1 12/09/23
23:47:01 program   MZ390 ENDED   RC= 0 SEC= 0 MEM(MB)= 61 IO=2417
23:47:01 program   LZ390 START USING z390 V1.7.07 ON J2SE 17.0.1 12/09/23
23:47:01 program   LZ390 ENDED   RC= 0 SEC= 0 MEM(MB)=  6 IO=147
23:47:01 program   EZ390 START USING z390 V1.7.07 ON J2SE 17.0.1 12/09/23
23:47:01 program   EZ390 EZ390E error  11 ABEND PSW=07851600 000FFE08 D20030001000 MVC   ABEND S0C5
23:47:01 program   EZ390 EZ390E error  12 program aborting due to abend S0C5
23:47:01 program   EZ390 ENDED   RC=16 SEC= 0 MEM(MB)= 67 IO=130 INS=33
23:47:43 program   MZ390 START USING z390 V1.7.07 ON J2SE 17.0.1 12/09/23
23:47:43 program   MZ390 ENDED   RC= 0 SEC= 0 MEM(MB)= 62 IO=2418
23:47:43 program   LZ390 START USING z390 V1.7.07 ON J2SE 17.0.1 12/09/23
23:47:43 program   LZ390 ENDED   RC= 0 SEC= 0 MEM(MB)=  6 IO=149
23:47:44 program   EZ390 START USING z390 V1.7.07 ON J2SE 17.0.1 12/09/23
23:47:44 program   EZ390 ENDED   RC= 0 SEC= 0 MEM(MB)= 15 IO=34 INS=259
23:48:55 program   MZ390 START USING z390 V1.7.07 ON J2SE 17.0.1 12/09/23
23:48:56 program   MZ390 ENDED   RC= 0 SEC= 0 MEM(MB)= 62 IO=2434
23:48:56 program   LZ390 START USING z390 V1.7.07 ON J2SE 17.0.1 12/09/23
23:48:56 program   LZ390 ENDED   RC= 0 SEC= 0 MEM(MB)=  6 IO=151
23:48:56 program   EZ390 START USING z390 V1.7.07 ON J2SE 17.0.1 12/09/23
23:48:56 program   EZ390 ENDED   RC= 0 SEC= 0 MEM(MB)= 15 IO=36 INS=273
23:49:40 program   MZ390 START USING z390 V1.7.07 ON J2SE 17.0.1 12/09/23
23:49:40 program   MZ390 ENDED   RC= 0 SEC= 0 MEM(MB)= 62 IO=2434
23:49:40 program   LZ390 START USING z390 V1.7.07 ON J2SE 17.0.1 12/09/23
23:49:40 program   LZ390 ENDED   RC= 0 SEC= 0 MEM(MB)=  6 IO=151
23:49:41 program   EZ390 START USING z390 V1.7.07 ON J2SE 17.0.1 12/09/23
23:49:41 program   EZ390 ENDED   RC= 0 SEC= 0 MEM(MB)= 15 IO=36 INS=273
23:51:31 program   MZ390 START USING z390 V1.7.07 ON J2SE 17.0.1 12/09/23
23:51:31 program   MZ390 ENDED   RC= 0 SEC= 0 MEM(MB)= 61 IO=2441
23:51:31 program   LZ390 START USING z390 V1.7.07 ON J2SE 17.0.1 12/09/23
23:51:31 program   LZ390 ENDED   RC= 0 SEC= 0 MEM(MB)=  6 IO=153
23:51:31 program   EZ390 START USING z390 V1.7.07 ON J2SE 17.0.1 12/09/23
23:51:31 program   EZ390 EZ390E error  11 ABEND PSW=07851600 00000000 0000         ????? ABEND S0C1
23:51:31 program   EZ390 EZ390E error  12 program aborting due to abend S0C1
23:51:31 program   EZ390 ENDED   RC=16 SEC= 0 MEM(MB)= 68 IO=134 INS=38
23:51:52 program   MZ390 START USING z390 V1.7.07 ON J2SE 17.0.1 12/09/23
23:51:52 program   MZ390 ENDED   RC= 0 SEC= 0 MEM(MB)= 62 IO=2441
23:51:52 program   LZ390 START USING z390 V1.7.07 ON J2SE 17.0.1 12/09/23
23:51:52 program   LZ390 ENDED   RC= 0 SEC= 0 MEM(MB)= 14 IO=153
23:51:52 program   EZ390 START USING z390 V1.7.07 ON J2SE 17.0.1 12/09/23
23:52:11 program   MZ390 START USING z390 V1.7.07 ON J2SE 17.0.1 12/09/23
23:52:11 program   MZ390 ENDED   RC= 0 SEC= 0 MEM(MB)= 62 IO=2441
23:52:12 program   LZ390 START USING z390 V1.7.07 ON J2SE 17.0.1 12/09/23
23:52:12 program   LZ390 ENDED   RC= 0 SEC= 0 MEM(MB)= 14 IO=153
23:52:12 program   EZ390 START USING z390 V1.7.07 ON J2SE 17.0.1 12/09/23
23:53:15 program   MZ390 START USING z390 V1.7.07 ON J2SE 17.0.1 12/09/23
23:53:15 program   MZ390 ENDED   RC= 0 SEC= 0 MEM(MB)= 61 IO=2441
23:53:15 program   LZ390 START USING z390 V1.7.07 ON J2SE 17.0.1 12/09/23
23:53:16 program   LZ390 ENDED   RC= 0 SEC= 0 MEM(MB)=  6 IO=153
23:53:16 program   EZ390 START USING z390 V1.7.07 ON J2SE 17.0.1 12/09/23
23:53:32 program   MZ390 START USING z390 V1.7.07 ON J2SE 17.0.1 12/09/23
23:53:32 program   MZ390 ENDED   RC= 0 SEC= 0 MEM(MB)= 60 IO=2441
23:53:32 program   LZ390 START USING z390 V1.7.07 ON J2SE 17.0.1 12/09/23
23:53:32 program   LZ390 ENDED   RC= 0 SEC= 0 MEM(MB)= 14 IO=153
23:53:32 program   EZ390 START USING z390 V1.7.07 ON J2SE 17.0.1 12/09/23
23:55:22 program   MZ390 START USING z390 V1.7.07 ON J2SE 17.0.1 12/09/23
23:55:22 program   MZ390 ENDED   RC= 0 SEC= 0 MEM(MB)= 61 IO=2441
23:55:22 program   LZ390 START USING z390 V1.7.07 ON J2SE 17.0.1 12/09/23
23:55:22 program   LZ390 ENDED   RC= 0 SEC= 0 MEM(MB)=  6 IO=153
23:55:22 program   EZ390 START USING z390 V1.7.07 ON J2SE 17.0.1 12/09/23
23:56:55 program   MZ390 START USING z390 V1.7.07 ON J2SE 17.0.1 12/09/23
23:56:55 program   MZ390 ENDED   RC= 0 SEC= 0 MEM(MB)= 62 IO=2441
23:56:55 program   LZ390 START USING z390 V1.7.07 ON J2SE 17.0.1 12/09/23
23:56:55 program   LZ390 ENDED   RC= 0 SEC= 0 MEM(MB)= 14 IO=153
23:56:55 program   EZ390 START USING z390 V1.7.07 ON J2SE 17.0.1 12/09/23
23:56:56 program   EZ390 EZ390E error  11 ABEND PSW=07851600 000FFDE6 FFFF95F01000 ????? ABEND S0C1
23:56:56 program   EZ390 EZ390E error  12 program aborting due to abend S0C1
23:56:56 program   EZ390 ENDED   RC=16 SEC= 0 MEM(MB)= 67 IO=134 INS=38
23:58:34 program   MZ390 START USING z390 V1.7.07 ON J2SE 17.0.1 12/09/23
23:58:35 program   MZ390 ENDED   RC= 0 SEC= 0 MEM(MB)= 61 IO=2441
23:58:35 program   LZ390 START USING z390 V1.7.07 ON J2SE 17.0.1 12/09/23
23:58:35 program   LZ390 ENDED   RC= 0 SEC= 0 MEM(MB)=  6 IO=153
23:58:35 program   EZ390 START USING z390 V1.7.07 ON J2SE 17.0.1 12/09/23
23:58:35 program   EZ390 EZ390E error  11 ABEND PSW=07851600 000FFDE0 0001         ????? ABEND S0C1
23:58:35 program   EZ390 EZ390E error  12 program aborting due to abend S0C1
23:58:35 program   EZ390 ENDED   RC=16 SEC= 0 MEM(MB)= 67 IO=134 INS=38
23:59:01 program   MZ390 START USING z390 V1.7.07 ON J2SE 17.0.1 12/09/23
23:59:02 program   MZ390 ENDED   RC= 0 SEC= 0 MEM(MB)= 60 IO=2546
23:59:02 program   LZ390 START USING z390 V1.7.07 ON J2SE 17.0.1 12/09/23
23:59:02 program   LZ390 ENDED   RC= 0 SEC= 0 MEM(MB)=  6 IO=153
23:59:02 program   EZ390 START USING z390 V1.7.07 ON J2SE 17.0.1 12/09/23
23:59:02 program   EZ390 EZ390E error  11 ABEND PSW=07852600 000FFE06 F0F0FFDEA71A SRP   ABEND S0C5
23:59:02 program   EZ390 EZ390E error  12 program aborting due to abend S0C5
23:59:02 program   EZ390 ENDED   RC=16 SEC= 0 MEM(MB)= 67 IO=137 INS=75
23:59:59 program   MZ390 START USING z390 V1.7.07 ON J2SE 17.0.1 12/09/23
23:59:59 program   MZ390 ENDED   RC= 0 SEC= 0 MEM(MB)= 61 IO=2546
23:59:59 program   LZ390 START USING z390 V1.7.07 ON J2SE 17.0.1 12/09/23
23:59:59 program   LZ390 ENDED   RC= 0 SEC= 0 MEM(MB)=  6 IO=153
23:59:59 program   EZ390 START USING z390 V1.7.07 ON J2SE 17.0.1 12/09/23
23:59:59 program   EZ390 EZ390E error  11 ABEND PSW=07851600 000FFDE0 0A0D         SVC   ABEND U0101
23:59:59 program   EZ390 EZ390E error  12 program aborting due to abend U0101
23:59:59 program   EZ390 ENDED   RC=16 SEC= 0 MEM(MB)= 67 IO=134 INS=38
00:01:03 program   MZ390 START USING z390 V1.7.07 ON J2SE 17.0.1 12/10/23
00:01:04 program   MZ390 ENDED   RC= 0 SEC= 0 MEM(MB)= 61 IO=2547
00:01:04 program   LZ390 START USING z390 V1.7.07 ON J2SE 17.0.1 12/10/23
00:01:04 program   LZ390 ENDED   RC= 0 SEC= 0 MEM(MB)= 14 IO=155
00:01:04 program   EZ390 START USING z390 V1.7.07 ON J2SE 17.0.1 12/10/23
00:01:04 program   EZ390 EZ390E error  11 ABEND PSW=07851600 000FFDDE 0A0D         SVC   ABEND U3260
00:01:04 program   EZ390 EZ390E error  12 program aborting due to abend U3260
00:01:04 program   EZ390 ENDED   RC=16 SEC= 0 MEM(MB)= 68 IO=136 INS=38
00:01:18 program   MZ390 START USING z390 V1.7.07 ON J2SE 17.0.1 12/10/23
00:01:18 program   MZ390 ENDED   RC= 0 SEC= 0 MEM(MB)= 61 IO=2547
00:01:18 program   LZ390 START USING z390 V1.7.07 ON J2SE 17.0.1 12/10/23
00:01:18 program   LZ390 ENDED   RC= 0 SEC= 0 MEM(MB)= 14 IO=155
00:01:19 program   EZ390 START USING z390 V1.7.07 ON J2SE 17.0.1 12/10/23
00:01:19 program   EZ390 EZ390E error  11 ABEND PSW=07851600 000FFDDE 0A0D         SVC   ABEND U0101
00:01:19 program   EZ390 EZ390E error  12 program aborting due to abend U0101
00:01:19 program   EZ390 ENDED   RC=16 SEC= 0 MEM(MB)= 67 IO=136 INS=39
00:02:43 program   MZ390 START USING z390 V1.7.07 ON J2SE 17.0.1 12/10/23
00:02:43 program   AZ390 AZ390E error  35      (1/50)172            NOP   ,
00:02:43 program   AZ390 AZ390I expression parsing error
00:02:43 program   AZ390 AZ390E error  35      (1/51)173            NOP   ,
00:02:43 program   AZ390 AZ390I expression parsing error
00:02:43 program   AZ390 AZ390E error  35      (1/52)174            NOP   ,
00:02:43 program   AZ390 AZ390I expression parsing error
00:02:43 program   AZ390 AZ390E error  35      (1/53)175            NOP   ,
00:02:43 program   AZ390 AZ390I expression parsing error
00:02:43 program   AZ390 AZ390E error  35      (1/54)176            NOP   ,
00:02:43 program   AZ390 AZ390I expression parsing error
00:02:43 program   AZ390 AZ390E error  35      (1/55)177            NOP   ,
00:02:43 program   AZ390 AZ390I expression parsing error
00:02:43 program   AZ390 AZ390E error  35      (1/56)178            NOP   ,
00:02:43 program   AZ390 AZ390I expression parsing error
00:02:43 program   AZ390 AZ390E error  35      (1/57)179            NOP   ,
00:02:43 program   AZ390 AZ390I expression parsing error
00:02:44 program   AZ390 AZ390I FID=  1 ERR=   8 X:\Documents\projects\ibmasm-adventofcode\20231201\program.asm
00:02:44 program   MZ390 ENDED   RC=12 SEC= 0 MEM(MB)= 61 IO=2602
00:02:54 program   MZ390 START USING z390 V1.7.07 ON J2SE 17.0.1 12/10/23
00:02:54 program   MZ390 ENDED   RC= 0 SEC= 0 MEM(MB)= 62 IO=2573
00:02:54 program   LZ390 START USING z390 V1.7.07 ON J2SE 17.0.1 12/10/23
00:02:54 program   LZ390 ENDED   RC= 0 SEC= 0 MEM(MB)=  6 IO=159
00:02:55 program   EZ390 START USING z390 V1.7.07 ON J2SE 17.0.1 12/10/23
00:02:55 program   EZ390 EZ390E error  11 ABEND PSW=07851600 000FFDDE 0A0D         SVC   ABEND U0101
00:02:55 program   EZ390 EZ390E error  12 program aborting due to abend U0101
00:02:55 program   EZ390 ENDED   RC=16 SEC= 0 MEM(MB)= 67 IO=138 INS=39
00:04:58 program   MZ390 START USING z390 V1.7.07 ON J2SE 17.0.1 12/10/23
00:04:58 program   AZ390 AZ390E error 198      (1/56)177            MVC   BLASTD+2,(ROWDONE-BNEXTD)2
00:04:58 program   AZ390 AZ390I symbol not defined BLASTD
00:04:58 program   AZ390 AZ390I FID=  1 ERR=   1 X:\Documents\projects\ibmasm-adventofcode\20231201\program.asm
00:04:58 program   MZ390 ENDED   RC=12 SEC= 0 MEM(MB)= 61 IO=2416
00:05:20 program   MZ390 START USING z390 V1.7.07 ON J2SE 17.0.1 12/10/23
00:05:20 program   AZ390 AZ390E error 198      (1/54)175            MVHHI BLASTD+2,(ROWDONE-BNEXTD)2
00:05:20 program   AZ390 AZ390I symbol not defined BLASTD
00:05:20 program   AZ390 AZ390I FID=  1 ERR=   1 X:\Documents\projects\ibmasm-adventofcode\20231201\program.asm
00:05:20 program   MZ390 ENDED   RC=12 SEC= 0 MEM(MB)= 62 IO=2410
00:05:32 program   MZ390 START USING z390 V1.7.07 ON J2SE 17.0.1 12/10/23
00:05:32 program   AZ390 AZ390E error  35      (1/54)175            MVHHI BNEXTD+2,(ROWDONE-BNEXTD)2
00:05:32 program   AZ390 AZ390I expression parsing error
00:05:33 program   AZ390 AZ390I FID=  1 ERR=   1 X:\Documents\projects\ibmasm-adventofcode\20231201\program.asm
00:05:33 program   MZ390 ENDED   RC=12 SEC= 0 MEM(MB)= 61 IO=2409
00:05:40 program   MZ390 START USING z390 V1.7.07 ON J2SE 17.0.1 12/10/23
00:05:40 program   MZ390 ENDED   RC= 0 SEC= 0 MEM(MB)= 61 IO=2405
00:05:41 program   LZ390 START USING z390 V1.7.07 ON J2SE 17.0.1 12/10/23
00:05:41 program   LZ390 ENDED   RC= 0 SEC= 0 MEM(MB)=  6 IO=153
00:05:41 program   EZ390 START USING z390 V1.7.07 ON J2SE 17.0.1 12/10/23
00:05:41 program   EZ390 EZ390E error  11 ABEND PSW=07852600 000FFE08 F0F0FFE4F211 SRP   ABEND S0C5
00:05:41 program   EZ390 EZ390E error  12 program aborting due to abend S0C5
00:05:41 program   EZ390 ENDED   RC=16 SEC= 0 MEM(MB)= 67 IO=138 INS=81
00:07:32 program   MZ390 START USING z390 V1.7.07 ON J2SE 17.0.1 12/10/23
00:07:33 program   MZ390 ENDED   RC= 0 SEC= 0 MEM(MB)= 60 IO=2399
00:07:33 program   LZ390 START USING z390 V1.7.07 ON J2SE 17.0.1 12/10/23
00:07:33 program   LZ390 ENDED   RC= 0 SEC= 0 MEM(MB)=  6 IO=153
00:07:33 program   EZ390 START USING z390 V1.7.07 ON J2SE 17.0.1 12/10/23
00:07:33 program   EZ390 EZ390E error  11 ABEND PSW=07852600 000FFE08 F0F0FFE4F211 SRP   ABEND S0C5
00:07:33 program   EZ390 EZ390E error  12 program aborting due to abend S0C5
00:07:33 program   EZ390 ENDED   RC=16 SEC= 0 MEM(MB)= 67 IO=138 INS=81
00:08:13 program   MZ390 START USING z390 V1.7.07 ON J2SE 17.0.1 12/10/23
00:08:13 program   MZ390 ENDED   RC= 0 SEC= 0 MEM(MB)= 61 IO=2399
00:08:13 program   LZ390 START USING z390 V1.7.07 ON J2SE 17.0.1 12/10/23
00:08:13 program   LZ390 ENDED   RC= 0 SEC= 0 MEM(MB)=  6 IO=153
00:08:13 program   EZ390 START USING z390 V1.7.07 ON J2SE 17.0.1 12/10/23
00:08:14 program   EZ390 EZ390E error  11 ABEND PSW=07852600 000FFE08 F0F0FFE4F211 SRP   ABEND S0C5
00:08:14 program   EZ390 EZ390E error  12 program aborting due to abend S0C5
00:08:14 program   EZ390 ENDED   RC=16 SEC= 0 MEM(MB)= 68 IO=138 INS=81
00:09:19 program   MZ390 START USING z390 V1.7.07 ON J2SE 17.0.1 12/10/23
00:09:20 program   MZ390 ENDED   RC= 0 SEC= 0 MEM(MB)= 60 IO=2499
00:09:20 program   LZ390 START USING z390 V1.7.07 ON J2SE 17.0.1 12/10/23
00:09:20 program   LZ390 ENDED   RC= 0 SEC= 0 MEM(MB)=  6 IO=151
00:09:20 program   EZ390 START USING z390 V1.7.07 ON J2SE 17.0.1 12/10/23
00:09:20 program   EZ390 EZ390E error  11 ABEND PSW=07852600 000FFE10 0A0D         SVC   ABEND U0101
00:09:20 program   EZ390 EZ390E error  12 program aborting due to abend U0101
00:09:20 program   EZ390 ENDED   RC=16 SEC= 0 MEM(MB)= 68 IO=137 INS=79
00:09:54 program   MZ390 START USING z390 V1.7.07 ON J2SE 17.0.1 12/10/23
00:09:55 program   MZ390 ENDED   RC= 0 SEC= 0 MEM(MB)= 60 IO=2502
00:09:55 program   LZ390 START USING z390 V1.7.07 ON J2SE 17.0.1 12/10/23
00:09:55 program   LZ390 ENDED   RC= 0 SEC= 0 MEM(MB)= 14 IO=153
00:09:55 program   EZ390 START USING z390 V1.7.07 ON J2SE 17.0.1 12/10/23
00:09:55 program   EZ390 EZ390E error  11 ABEND PSW=07852600 000FFE02 F0F000650A0D SRP   ABEND S0C5
00:09:55 program   EZ390 EZ390E error  12 program aborting due to abend S0C5
00:09:55 program   EZ390 ENDED   RC=16 SEC= 0 MEM(MB)= 68 IO=138 INS=80
00:16:26 program   MZ390 START USING z390 V1.7.07 ON J2SE 17.0.1 12/10/23
00:16:27 program   MZ390 ENDED   RC= 0 SEC= 0 MEM(MB)= 62 IO=2399
00:16:27 program   LZ390 START USING z390 V1.7.07 ON J2SE 17.0.1 12/10/23
00:16:27 program   LZ390 ENDED   RC= 0 SEC= 0 MEM(MB)= 14 IO=153
00:16:27 program   EZ390 START USING z390 V1.7.07 ON J2SE 17.0.1 12/10/23
00:16:27 program   EZ390 EZ390E error  11 ABEND PSW=07852600 000FFE08 F0F0FFE4F211 SRP   ABEND S0C5
00:16:27 program   EZ390 EZ390E error  12 program aborting due to abend S0C5
00:16:27 program   EZ390 ENDED   RC=16 SEC= 0 MEM(MB)= 67 IO=138 INS=81
00:19:48 program   MZ390 START USING z390 V1.7.07 ON J2SE 17.0.1 12/10/23
00:19:49 program   MZ390 ENDED   RC= 0 SEC= 0 MEM(MB)= 61 IO=2399
00:19:49 program   LZ390 START USING z390 V1.7.07 ON J2SE 17.0.1 12/10/23
00:19:49 program   LZ390 ENDED   RC= 0 SEC= 0 MEM(MB)=  6 IO=153
00:19:49 program   EZ390 START USING z390 V1.7.07 ON J2SE 17.0.1 12/10/23
00:19:49 program   EZ390 EZ390E error  11 ABEND PSW=07852600 000FFE08 F0F0FFE4F211 SRP   ABEND S0C5
00:19:49 program   EZ390 EZ390E error  12 program aborting due to abend S0C5
00:19:49 program   EZ390 ENDED   RC=16 SEC= 0 MEM(MB)= 68 IO=138 INS=81
00:27:39 program   MZ390 START USING z390 V1.7.07 ON J2SE 17.0.1 12/10/23
00:27:40 program   MZ390 ENDED   RC= 0 SEC= 0 MEM(MB)= 61 IO=2399
00:27:40 program   LZ390 START USING z390 V1.7.07 ON J2SE 17.0.1 12/10/23
00:27:40 program   LZ390 ENDED   RC= 0 SEC= 0 MEM(MB)=  6 IO=153
00:27:40 program   EZ390 START USING z390 V1.7.07 ON J2SE 17.0.1 12/10/23
00:27:54 program   MZ390 START USING z390 V1.7.07 ON J2SE 17.0.1 12/10/23
00:27:55 program   MZ390 ENDED   RC= 0 SEC= 0 MEM(MB)= 61 IO=2399
00:27:55 program   LZ390 START USING z390 V1.7.07 ON J2SE 17.0.1 12/10/23
00:27:55 program   LZ390 ENDED   RC= 0 SEC= 0 MEM(MB)=  6 IO=153
00:27:55 program   EZ390 START USING z390 V1.7.07 ON J2SE 17.0.1 12/10/23
00:27:55 program   EZ390 EZ390E error  11 ABEND PSW=07852600 000FFE08 F0F0FFE4F211 SRP   ABEND S0C5
00:27:55 program   EZ390 EZ390E error  12 program aborting due to abend S0C5
00:27:55 program   EZ390 ENDED   RC=16 SEC= 0 MEM(MB)= 67 IO=138 INS=81
00:28:06 program   MZ390 START USING z390 V1.7.07 ON J2SE 17.0.1 12/10/23
00:28:06 program   MZ390 ENDED   RC= 0 SEC= 0 MEM(MB)= 60 IO=2399
00:28:06 program   LZ390 START USING z390 V1.7.07 ON J2SE 17.0.1 12/10/23
00:28:06 program   LZ390 ENDED   RC= 0 SEC= 0 MEM(MB)=  6 IO=153
00:28:07 program   EZ390 START USING z390 V1.7.07 ON J2SE 17.0.1 12/10/23
00:28:54 program   MZ390 START USING z390 V1.7.07 ON J2SE 17.0.1 12/10/23
00:28:55 program   MZ390 ENDED   RC= 0 SEC= 0 MEM(MB)= 61 IO=2399
00:28:55 program   LZ390 START USING z390 V1.7.07 ON J2SE 17.0.1 12/10/23
00:28:55 program   LZ390 ENDED   RC= 0 SEC= 0 MEM(MB)=  6 IO=153
00:28:55 program   EZ390 START USING z390 V1.7.07 ON J2SE 17.0.1 12/10/23
00:42:40 program   EZ390 EZ390E error  11 ABEND PSW=07852600 000FFE08 F0F0FFE4F211 SRP   ABEND S0C5
00:46:57 program   MZ390 START USING z390 V1.7.07 ON J2SE 17.0.1 12/10/23
00:46:57 program   MZ390 ENDED   RC= 0 SEC= 0 MEM(MB)= 61 IO=2399
00:46:57 program   LZ390 START USING z390 V1.7.07 ON J2SE 17.0.1 12/10/23
00:46:57 program   LZ390 ENDED   RC= 0 SEC= 0 MEM(MB)= 14 IO=153
00:46:57 program   EZ390 START USING z390 V1.7.07 ON J2SE 17.0.1 12/10/23
00:51:23 program   MZ390 START USING z390 V1.7.07 ON J2SE 17.0.1 12/10/23
00:51:24 program   MZ390 ENDED   RC= 0 SEC= 0 MEM(MB)= 61 IO=2395
00:51:24 program   LZ390 START USING z390 V1.7.07 ON J2SE 17.0.1 12/10/23
00:51:24 program   LZ390 ENDED   RC= 0 SEC= 0 MEM(MB)=  6 IO=153
00:51:24 program   EZ390 START USING z390 V1.7.07 ON J2SE 17.0.1 12/10/23
00:51:26 program   EZ390 ENDED   RC= 0 SEC= 1 MEM(MB)= 16 IO=37 INS=303
